realigned b:[[ 447. -752.  870.]
 [-580.  665. -510.]
 [ 478. -933.  928.]
 [-675. -645.  725.]
 [ 799. -708. -607.]
 [-691.  372.  817.]
 [ 352.  444.  672.]
 [-587.  511. -511.]
 [ -90. -150.  102.]
 [ 747.  717. -742.]
 [-627.  483. -553.]
 [-603. -513.  677.]
 [-659.  514.  795.]
 [ 370.  537.  649.]
 [-584.  411.  769.]
 [ 789. -583. -673.]
 [  11.  -25.  -28.]
 [ 772.  722. -473.]
 [ 797. -505. -656.]
 [ 423.  472.  657.]
 [ 354. -812.  943.]
 [ 731.  764. -575.]
 [-564. -687. -779.]
 [-531. -733. -720.]
 [-518. -617.  782.]
 [-551. -610. -795.]] r:(180, 0, 0) d:[  -71.    13. -1212.] m:12
queue size 34
realigned b:[[ 864. -472.  796.]
 [-535. -558.  426.]
 [-357.  505.  731.]
 [ 501.  575.  438.]
 [ 358.  672.  424.]
 [ 868. -454.  664.]
 [ 710.  646. -841.]
 [ -32.   29.   90.]
 [ 807. -539. -539.]
 [-537.  524.  765.]
 [ 622.  634. -644.]
 [ 821. -669. -614.]
 [ 610.  734. -775.]
 [ 113.   38.  -83.]
 [-692. -735. -676.]
 [-754.  330. -556.]
 [-357.  522.  812.]
 [ 790. -454. -638.]
 [-463. -458.  496.]
 [ 541.  661.  434.]
 [-512. -555.  627.]
 [-755.  492. -628.]
 [-665. -767. -658.]
 [-858. -765. -575.]
 [ 742. -460.  776.]
 [-733.  340. -656.]] r:(270, 0, 0) d:[  41.  -71. 1237.] m:12
queue size 33
realigned b:[[-338.  589. -778.]
 [ 903. -579. -700.]
 [  14.  -32.  -64.]
 [ 661.  766.  311.]
 [ 577.  543. -708.]
 [ 596. -545.  410.]
 [-586.  387.  631.]
 [ 922. -694. -825.]
 [-327.  662. -674.]
 [ 559.  807.  353.]
 [ 639. -592.  592.]
 [ 597. -552.  564.]
 [-765. -851. -467.]
 [ 630.  494. -554.]
 [-563.  405.  538.]
 [-571.  458.  603.]
 [-731. -656.  703.]
 [-683. -549.  664.]
 [ 892. -741. -619.]
 [-709. -624.  561.]
 [-433.  602. -699.]
 [-749. -583. -457.]
 [-752. -672. -552.]
 [ 828.  782.  358.]
 [ 581.  588. -543.]] r:(270, 270, 0) d:[  -36.  1088. -1126.] m:12
queue size 32
realigned b:[[-494. -369.  628.]
 [ 802.  509. -765.]
 [ 615. -498.  735.]
 [-770.  577. -705.]
 [ 719.  905.  497.]
 [ 685. -738. -373.]
 [-333.  503.  433.]
 [ 621. -658. -354.]
 [ 715. -426.  665.]
 [-551. -526.  600.]
 [-808.  627. -584.]
 [ 708.  648. -728.]
 [ -53.  -13.   48.]
 [ 701.  901.  365.]
 [ 618. -475.  534.]
 [-599. -454.  732.]
 [-119.   41. -136.]
 [ 713.  779.  385.]
 [-406.  596.  493.]
 [-720.  650. -560.]
 [ 798. -660. -467.]
 [ 784.  578. -828.]
 [-824. -515. -834.]
 [-726. -571. -765.]
 [-348.  627.  312.]
 [-653. -530. -758.]] r:(90, 90, 0) d:[   78. -1232.    64.] m:12
queue size 31
realigned b:[[ 604. -777. -488.]
 [ 506. -429.  806.]
 [-726.  557. -319.]
 [-454.  588.  546.]
 [ 148.   70.   41.]
 [ 592.  621. -572.]
 [-617. -544. -381.]
 [ 571. -421.  697.]
 [-742.  390. -366.]
 [ 619.  315.  692.]
 [-714. -568. -451.]
 [-503.  641.  700.]
 [ 734.  296.  817.]
 [ 781.  326.  611.]
 [ 616. -594. -465.]
 [  42.  -66.  116.]
 [ 585.  622. -418.]
 [-767.  659. -361.]
 [-523. -551.  609.]
 [ 632.  579. -600.]
 [-505. -524.  583.]
 [-577. -515.  675.]
 [ 685. -389.  777.]
 [-548.  637.  535.]
 [ 544. -658. -433.]
 [-621. -554. -443.]] r:(270, 0, 180) d:[  -76.  1096. -2344.] m:12
queue size 30
realigned b:[[-804. -884.  445.]
 [ 474.  566.  467.]
 [-539.  506. -460.]
 [-776. -799. -513.]
 [-639.  475. -509.]
 [ 507.  520.  408.]
 [-829. -889.  714.]
 [-366.  474. -518.]
 [ 523. -832.  677.]
 [-856.  541.  580.]
 [-679. -869. -489.]
 [ 755.  728. -310.]
 [-683. -807. -499.]
 [ 774.  531. -380.]
 [ -49.  -17.  -27.]
 [-788. -931.  612.]
 [ 570. -650.  634.]
 [ 124. -166.  -49.]
 [-854.  338.  531.]
 [ 530. -678.  676.]
 [ 554. -785. -539.]
 [ 542. -762. -722.]
 [  85.  -44.  125.]
 [ 482. -817. -603.]
 [-846.  416.  514.]
 [ 494.  443.  392.]
 [ 810.  639. -285.]] r:(180, 0, 180) d:[  -14.  -154. -2399.] m:18
queue size 29
realigned b:[[-651. -754. -868.]
 [ 541.  556.  633.]
 [ 104.  -64.  -97.]
 [-562. -456.  656.]
 [ 518. -456. -872.]
 [-729. -848. -755.]
 [-506. -387.  754.]
 [-741.  721.  425.]
 [ 407.  417. -608.]
 [ 586. -516.  700.]
 [ 659. -661.  650.]
 [ 597.  601.  522.]
 [ 470.  531. -727.]
 [ 649.  462.  564.]
 [ 587. -393. -854.]
 [-521. -463.  583.]
 [-661.  381. -763.]
 [-769.  630.  578.]
 [  48.  116.   46.]
 [ 636. -637.  738.]
 [ 562.  531. -636.]
 [-669.  535. -734.]
 [-649. -867. -691.]
 [-689.  402. -658.]
 [ 657. -493. -778.]
 [-646.  665.  569.]] r:(0, 0, 0) d:[   87. -2453.    -6.] m:12
queue size 28
realigned b:[[ 544. -866.  500.]
 [-551.  770. -869.]
 [ 443.  525.  386.]
 [-338. -778. -796.]
 [-770.  366.  495.]
 [-351. -743. -785.]
 [-802. -466.  785.]
 [ 439.  439.  426.]
 [ 429.  428.  243.]
 [ 817.  578. -472.]
 [  99. -138. -126.]
 [ 409. -850.  603.]
 [-324. -938. -854.]
 [-841. -581.  684.]
 [ -38.   -3.  -27.]
 [ 736.  595. -472.]
 [ 551. -848. -709.]
 [-836.  454.  595.]
 [ 621. -825. -820.]
 [-623.  608. -870.]
 [-639.  466.  507.]
 [ 698. -802. -806.]
 [ 561. -939.  612.]
 [-651.  760. -848.]
 [ 770.  576. -652.]
 [-876. -534.  669.]] r:(90, 0, 90) d:[ -74.  -66. 2337.] m:12
queue size 27
realigned b:[[ 537.  481. -514.]
 [ 627.  499.  744.]
 [ 774. -649. -541.]
 [ 644. -561.  553.]
 [ 601.  513. -586.]
 [ 651.  429.  647.]
 [ 641.  491.  651.]
 [-465. -856. -504.]
 [-586.  776. -588.]
 [ 766. -758. -476.]
 [-890.  672.  566.]
 [ 806. -729. -655.]
 [-612.  764. -638.]
 [ 671. -535.  535.]
 [-685.  624.  526.]
 [ 418.  536. -574.]
 [-558. -550.  575.]
 [-558. -640.  742.]
 [-652. -632.  640.]
 [-489.  905. -622.]
 [  68.   87.  -63.]
 [-809.  638.  640.]
 [ 680. -627.  607.]
 [-430. -658. -515.]
 [ -75.  -78.   17.]
 [-527. -702. -534.]] r:(0, 90, 0) d:[  -46.  1144. -3539.] m:12
queue size 26
realigned b:[[-411.  735. -457.]
 [-684.  744. -458.]
 [-580. -727. -754.]
 [-613. -740. -699.]
 [  76.  165.  161.]
 [-728.  754.  824.]
 [-724.  764.  886.]
 [ 710.  943. -711.]
 [-584.  793. -489.]
 [-821.  740.  816.]
 [ 511. -473.  539.]
 [-603. -572.  691.]
 [-643. -777.  643.]
 [ 582. -243. -542.]
 [-717. -696.  677.]
 [ 765.  968. -622.]
 [ 545. -376.  410.]
 [ 509.  714.  802.]
 [-510. -760. -780.]
 [ 497.  531.  779.]
 [ 561. -499.  551.]
 [ 707. -334. -608.]
 [ 729.  873. -514.]
 [ -97.   60.   63.]
 [ 536. -292. -673.]
 [ 437.  650.  834.]] r:(270, 0, 180) d:[   31.  -171. -3652.] m:18
queue size 25
realigned b:[[ 264. -695.  626.]
 [-167.  -84.   17.]
 [-586. -723. -660.]
 [ -54. -162.  -93.]
 [-578.  697.  801.]
 [-491. -500.  351.]
 [-559.  607.  669.]
 [ 575. -771. -703.]
 [ 441.  733. -714.]
 [ 357.  762. -528.]
 [-483. -609.  416.]
 [ 234.  514.  520.]
 [ 529.  716. -569.]
 [-451. -529.  530.]
 [-577. -631. -732.]
 [ 373.  546.  543.]
 [-680.  615. -503.]
 [-670.  457. -395.]
 [ 264.  475.  471.]
 [ 234. -489.  579.]
 [-613. -697. -678.]
 [-614.  698.  689.]
 [ 579. -606. -658.]
 [ 526. -760. -609.]
 [ 253. -614.  464.]
 [-705.  649. -390.]] r:(180, 90, 0) d:[   79.  2402. -2282.] m:12
queue size 24
realigned b:[[-490. -736. -642.]
 [ 550. -495. -907.]
 [ 696. -327.  699.]
 [-530.  740. -645.]
 [-624.  751. -596.]
 [ 622. -566. -798.]
 [-752. -627.  467.]
 [-638.  595.  418.]
 [ 547.  837.  734.]
 [ 658.  469. -937.]
 [-698.  620.  312.]
 [-635. -753. -730.]
 [-882. -713.  415.]
 [ 815.  827.  750.]
 [-625.  516.  323.]
 [ 896. -316.  700.]
 [-579.  586. -592.]
 [ 636.  742.  737.]
 [ 705.  675. -907.]
 [-449. -782. -814.]
 [ 789. -260.  661.]
 [ -80.   77. -105.]
 [ 599. -534. -937.]
 [ 543.  594. -918.]
 [-807. -708.  374.]
 [  57.   10.   30.]] r:(180, 0, 180) d:[    0.  2382. -1111.] m:18
queue size 23
realigned b:[[ 446. -254.  665.]
 [ 333. -392. -397.]
 [-638. -538.  721.]
 [-805.  938. -456.]
 [  72.   30.  109.]
 [ 581.  656. -274.]
 [-506. -278. -582.]
 [ 397.  825.  574.]
 [ 549.  679. -413.]
 [-734.  882. -628.]
 [ 398.  937.  538.]
 [ 638. -259.  630.]
 [-714. -249. -556.]
 [ 379. -433. -569.]
 [-428.  451.  537.]
 [ -47.  164.    5.]
 [ 620.  607. -304.]
 [-699. -630.  860.]
 [-390.  563.  618.]
 [ 480. -367.  640.]
 [-393.  421.  546.]
 [-700. -289. -668.]
 [ 488.  805.  519.]
 [-621. -655.  843.]
 [ 362. -578. -481.]
 [-743.  885. -390.]] r:(0, 0, 90) d:[  -57.  3497. -2322.] m:12
queue size 22
realigned b:[[ 796. -639.  467.]
 [-466.  745.  941.]
 [-643.  761.  914.]
 [-656. -678. -356.]
 [-287. -630.  551.]
 [ 745. -410. -793.]
 [ 845.  810. -427.]
 [ 871.  807. -369.]
 [-537.  570. -660.]
 [-416. -664.  648.]
 [-679. -666. -539.]
 [ 665. -593.  418.]
 [ 637. -446. -698.]
 [-561.  460. -618.]
 [ 729.  821.  438.]
 [ 731. -468.  509.]
 [ 785.  842.  479.]
 [ 830.  846.  590.]
 [-711. -738. -475.]
 [ 663.  786. -344.]
 [-564.  625. -522.]
 [  69.   22.   29.]
 [-428. -614.  674.]
 [ 834. -465. -768.]
 [-743.  755.  934.]] r:(0, 0, 90) d:[ 1206.   -48. -3477.] m:12
queue size 21
realigned b:[[ 630.  690.  647.]
 [-824. -477.  539.]
 [ 441. -416. -835.]
 [-847.  815.  745.]
 [-933. -548.  467.]
 [ 673. -716.  613.]
 [-840. -261. -532.]
 [ 287.  734. -643.]
 [-781.  877.  798.]
 [-963. -509.  516.]
 [-668. -307. -573.]
 [-756. -290. -718.]
 [-609.  806.  742.]
 [ -79.  149. -108.]
 [ 348. -335. -890.]
 [-681.  786. -389.]
 [-655.  578. -418.]
 [ 674. -727.  813.]
 [ 414.  769. -664.]
 [-569.  772. -429.]
 [ 391.  794. -774.]
 [ 502.  664.  539.]
 [ 389. -330. -965.]
 [ 560.  812.  572.]
 [ 635. -783.  706.]] r:(180, 90, 0) d:[   83.  3425. -1085.] m:18
queue size 20
realigned b:[[ 545. -633.  535.]
 [-775.  485.  397.]
 [-854. -441. -544.]
 [-645. -523.  786.]
 [ 661.  809. -588.]
 [ 669. -652.  570.]
 [-679. -416.  690.]
 [ 309. -633. -781.]
 [-597. -545.  633.]
 [-851. -679. -553.]
 [ 280. -607. -573.]
 [ 387.  761.  783.]
 [-532.  567. -897.]
 [-390.  495. -894.]
 [ 569.  670. -649.]
 [ 408.  724.  597.]
 [  -5. -102.  -58.]
 [-653.  417.  365.]
 [-907. -507. -482.]
 [ 548. -736.  478.]
 [ 444.  594.  722.]
 [ 686.  792. -666.]
 [-420.  486. -859.]
 [-104.   34. -128.]
 [-699.  539.  443.]
 [ 320. -719. -587.]] r:(90, 0, 0) d:[  -26.  4784. -2373.] m:12
queue size 19
realigned b:[[ 394. -707.  864.]
 [-404. -478. -627.]
 [ 779. -717. -427.]
 [-383. -441. -813.]
 [ 475.  540.  595.]
 [-452.  505.  586.]
 [ 878.  785. -492.]
 [-753.  875. -566.]
 [  85.  -60.   21.]
 [-565. -532.  619.]
 [ 458.  519.  488.]
 [ 858.  739. -517.]
 [-775.  836. -604.]
 [-793.  707. -602.]
 [ 657. -785. -395.]
 [-440. -608. -752.]
 [ 536. -635.  867.]
 [-657. -393.  558.]
 [ 703. -663. -473.]
 [ 452.  688.  569.]
 [ 424. -716.  829.]
 [-522.  465.  623.]
 [-480.  639.  703.]
 [ 858.  731. -397.]
 [-682. -410.  636.]] r:(90, 0, 180) d:[  -30.  4754. -3575.] m:12
queue size 18
realigned b:[[-723. -588. -655.]
 [ 598. -447.  653.]
 [ 528.  468.  607.]
 [ 763. -451.  608.]
 [-696.  519.  425.]
 [ 752. -500.  702.]
 [-724. -497.  742.]
 [-647. -540. -704.]
 [-741. -585.  597.]
 [ 607.  563.  594.]
 [-738. -533. -740.]
 [-770. -669.  783.]
 [ 105.  182.  -15.]
 [-324.  690. -678.]
 [ 459.  864. -834.]
 [ 765. -734. -378.]
 [ 512.  936. -793.]
 [-267.  726. -693.]
 [ 555.  774. -830.]
 [-280.  692. -725.]
 [ 632.  457.  534.]
 [ 792. -736. -602.]
 [-701.  560.  350.]
 [ 771. -717. -346.]
 [-615.  612.  480.]] r:(270, 0, 90) d:[-1232.  2394. -1256.] m:12
queue size 17
realigned b:[[ 573. -875.  594.]
 [ 740.  749.  535.]
 [-298.  762.  643.]
 [-389.  726.  650.]
 [-335. -328. -450.]
 [ 635.  805.  511.]
 [-712.  700. -580.]
 [-769.  715. -616.]
 [ 729. -650. -348.]
 [ 764. -629. -475.]
 [-313.  677.  698.]
 [ 767. -864.  508.]
 [ 781. -904.  620.]
 [ 697.  830.  491.]
 [-312. -720.  607.]
 [ 519.  462. -563.]
 [ 131.   15.  -55.]
 [-421. -458. -502.]
 [ 462.  276. -554.]
 [-295. -575.  695.]
 [-340. -403. -409.]
 [ 569.  278. -584.]
 [  56.  -90.   69.]
 [ 789. -519. -452.]
 [-266. -761.  779.]
 [-756.  747. -582.]] r:(0, 0, 270) d:[-1210.  3430. -1146.] m:18
queue size 16
realigned b:[[ 583. -718.  405.]
 [ 620. -252. -600.]
 [ 414.  893.  549.]
 [-357.  842. -678.]
 [-471.  493.  761.]
 [ 534.  893.  541.]
 [ 757.  656. -368.]
 [ 694.  614. -396.]
 [-479.  901. -753.]
 [ 684. -368. -674.]
 [-606. -487.  815.]
 [ 509.  913.  495.]
 [ -89.   -2.   83.]
 [ 722.  531. -470.]
 [  23.  161.    2.]
 [-889. -614. -431.]
 [-569. -417.  775.]
 [ 621. -740.  444.]
 [-412.  816. -690.]
 [-552.  487.  592.]
 [-578.  510.  740.]
 [-812. -696. -485.]
 [ 619. -758.  573.]
 [-686. -445.  641.]
 [-893. -634. -618.]
 [ 628. -231. -733.]] r:(180, 0, 270) d:[  -65.  4737. -4855.] m:12
queue size 15
realigned b:[[-689.  622. -567.]
 [ 240. -338.  830.]
 [ 468. -722. -670.]
 [ 517. -512. -689.]
 [-792.  679. -570.]
 [-618. -331.  519.]
 [ 538.  435. -466.]
 [-601.  524.  575.]
 [ -61.  -71.  -63.]
 [-708.  587. -691.]
 [-620. -407.  429.]
 [ 262. -314.  910.]
 [ 323. -368.  804.]
 [-547. -444. -455.]
 [ 483.  714.  677.]
 [ 385. -658. -692.]
 [-472.  467.  657.]
 [-579.  371.  623.]
 [ 705.  374. -409.]
 [ 429.  760.  753.]
 [-602. -417. -532.]
 [ 668.  560. -430.]
 [-589. -531.  509.]
 [-615. -561. -532.]
 [ 361.  792.  631.]
 [ -39.   41.  105.]] r:(0, 270, 0) d:[   -4.  5941. -2429.] m:12
queue size 14
realigned b:[[ 756. -426.  395.]
 [-511.  609. -747.]
 [-754. -569.  561.]
 [-476. -810. -781.]
 [ 724.  652. -420.]
 [ 111.  -26.   18.]
 [ 595. -662. -636.]
 [-632. -550.  581.]
 [  95.  135. -163.]
 [-620.  471.  770.]
 [ 831.  686. -516.]
 [-474. -827. -636.]
 [-698.  416.  770.]
 [ 714.  538.  482.]
 [-532. -733. -654.]
 [ 683.  458.  358.]
 [ 614. -538. -671.]
 [ 688. -503.  512.]
 [ 511. -541. -728.]
 [ 685.  548.  282.]
 [-724.  440.  694.]
 [ 702.  604. -573.]
 [ -56.  106.  -30.]
 [ 701. -503.  368.]
 [-714. -723.  553.]
 [-521.  618. -767.]
 [-499.  732. -725.]] r:(90, 270, 0) d:[  -33.  5990. -1126.] m:12
queue size 13
realigned b:[[ 658.  729.  523.]
 [-548. -713.  507.]
 [-663.  724.  818.]
 [ 465.  531. -713.]
 [-740.  866. -633.]
 [ 651. -731.  365.]
 [ 538.  792.  408.]
 [ -33.  -39.   59.]
 [ 721. -786.  371.]
 [ 657. -619. -867.]
 [-730.  613.  814.]
 [-269. -352. -661.]
 [ 335.  445. -765.]
 [-513. -693.  456.]
 [ 772. -645.  427.]
 [ 116.  101.   34.]
 [-455. -409. -652.]
 [ 710.  721.  413.]
 [ 410.  450. -806.]
 [-693.  822. -635.]
 [ 526. -679. -763.]
 [-697. -766.  453.]
 [ 636. -654. -740.]
 [-271. -459. -631.]
 [-679.  804.  771.]
 [-708.  879. -599.]] r:(180, 0, 180) d:[-1217.  3540.    69.] m:12
queue size 12
realigned b:[[-361.  276.  724.]
 [ 116.  -17.   41.]
 [-469. -752. -615.]
 [ 378.  385.  552.]
 [ 743. -810.  609.]
 [ 821.  455. -728.]
 [-457.  280.  634.]
 [ 809. -727.  464.]
 [-670. -754.  810.]
 [ -25. -136. -126.]
 [ 422.  432.  550.]
 [-592. -761. -541.]
 [-698. -578.  840.]
 [-667.  732. -874.]
 [-559. -593.  820.]
 [ 742. -841.  446.]
 [ 612. -737. -612.]
 [-687. -721. -600.]
 [-673.  764. -857.]
 [-694.  508. -876.]
 [ 836.  370. -673.]
 [-414.  317.  796.]
 [ 690. -735. -482.]
 [ 365.  417.  586.]
 [ 723. -856. -612.]
 [ 745.  406. -680.]] r:(180, 0, 270) d:[-2342.  2296. -1116.] m:12
queue size 11
realigned b:[[ 166.   19.  -52.]
 [ 501. -699. -910.]
 [ 496. -658. -985.]
 [ 582. -606. -855.]
 [ 670.  482.  413.]
 [-603. -633. -684.]
 [-625.  653.  711.]
 [ 843.  515. -782.]
 [ 949. -412.  686.]
 [ 882. -374.  593.]
 [-594.  534. -548.]
 [ 780.  630. -662.]
 [ -25.  121. -122.]
 [-628. -656. -794.]
 [-607.  721.  731.]
 [-469.  647.  675.]
 [-568. -760. -663.]
 [-498. -545.  519.]
 [-524. -417.  627.]
 [-646. -487.  552.]
 [ 562.  606.  364.]
 [ 893. -373.  793.]
 [ 772.  520. -610.]
 [-680.  472. -669.]
 [ 657.  712.  387.]
 [-735.  478. -599.]] r:(270, 0, 90) d:[ 103. 3591.  -38.] m:18
queue size 10
realigned b:[[-778. -875.  618.]
 [ 942.  836. -279.]
 [ 144.    5.  149.]
 [-575. -553. -671.]
 [ 666. -540.  470.]
 [ 775.  679.  795.]
 [-673.  758.  825.]
 [ 881.  730. -333.]
 [ 536. -504.  595.]
 [  32. -139.   65.]
 [-817. -853.  656.]
 [ 721.  603.  749.]
 [-561. -619. -773.]
 [ 499. -483.  409.]
 [ 736. -744. -687.]
 [-825.  312. -490.]
 [-649. -893.  620.]
 [-786.  382. -497.]
 [ 819. -766. -623.]
 [ 964.  756. -303.]
 [-556. -380. -743.]
 [-740.  414. -537.]
 [ 843.  557.  827.]
 [-727.  778.  730.]
 [ 687. -763. -477.]
 [-681.  758.  705.]] r:(270, 90, 0) d:[   70.  5976. -3633.] m:18
queue size 9
realigned b:[[-292.  338.  344.]
 [ 738.  647.  258.]
 [ 807.  398. -851.]
 [ 858.  407. -773.]
 [ -62.   -6.  -71.]
 [ 517. -544. -491.]
 [-758.  825. -665.]
 [-478. -543. -935.]
 [  96. -105. -168.]
 [ 562.  675.  228.]
 [-296.  434.  434.]
 [-333.  391.  272.]
 [ 825. -765.  622.]
 [-462. -463. -888.]
 [ 794. -766.  459.]
 [ 711. -832.  604.]
 [ 579. -570. -446.]
 [-682.  723. -715.]
 [ 577.  536.  248.]
 [-433. -388.  482.]
 [ 897.  473. -813.]
 [-448. -445.  518.]
 [-411. -654. -931.]
 [-401. -401.  516.]
 [-765.  637. -594.]
 [ 673. -564. -452.]] r:(0, 0, 0) d:[-2358.  2273.   -48.] m:15
queue size 8
realigned b:[[ 571.  739.  387.]
 [-544.  789. -652.]
 [-663. -470. -621.]
 [-719. -521. -762.]
 [ 703. -816. -738.]
 [ 933.  783. -418.]
 [ 851.  872. -367.]
 [ 640.  753.  389.]
 [ 625. -789. -620.]
 [-591.  442.  535.]
 [-682. -704.  816.]
 [ 717. -599.  558.]
 [-715.  491.  643.]
 [-567. -584.  753.]
 [  -9.  -36.   51.]
 [-476.  809. -634.]
 [-725. -591. -707.]
 [ 662.  848.  445.]
 [-550.  753. -496.]
 [-485.  465.  630.]
 [ 738. -866. -630.]
 [ 655. -783.  586.]
 [-677. -532.  745.]
 [ 722. -722.  645.]
 [ 895.  879. -510.]] r:(270, 90, 0) d:[  25. 3564. 1159.] m:12
queue size 7
realigned b:[[-493.  353.  773.]
 [  52.  131. -102.]
 [ 404.  493.  449.]
 [-526. -522.  648.]
 [ 805. -601. -592.]
 [ 909. -678. -603.]
 [-350.  360.  729.]
 [ 647.  767. -607.]
 [ 885. -693.  620.]
 [-635.  443. -666.]
 [ 406.  479.  518.]
 [-524. -318. -773.]
 [ 744. -594. -567.]
 [-540. -560.  622.]
 [-506. -379. -741.]
 [ 819. -690.  695.]
 [ 732. -746.  565.]
 [ 462.  384.  540.]
 [ 660.  741. -837.]
 [-443. -345. -674.]
 [ 552.  790. -713.]
 [-617.  423. -598.]
 [ 156.  -43. -134.]
 [-569. -465.  731.]
 [-401.  449.  811.]
 [-479.  479. -672.]] r:(180, 0, 90) d:[1257. 3581. 1281.] m:12
queue size 6
realigned b:[[-757.  435. -741.]
 [-544. -530. -359.]
 [ 641. -710. -451.]
 [ 562. -749. -630.]
 [ 746.  601.  656.]
 [-638. -793.  403.]
 [ 644.  587.  590.]
 [-647.  513.  930.]
 [ 510.  422. -377.]
 [ 470.  376. -345.]
 [-732.  481. -721.]
 [ 479. -550.  606.]
 [-509. -428. -484.]
 [ 501. -789. -513.]
 [ 463.  337. -275.]
 [ 532. -412.  532.]
 [ -71.  -56.  138.]
 [-646. -660.  424.]
 [-645.  384.  912.]
 [ 483. -367.  705.]
 [-572. -456. -442.]
 [-683.  345.  890.]
 [-582. -734.  540.]
 [ 716.  606.  417.]
 [-852.  489. -721.]] r:(270, 0, 270) d:[  107.  6003. -4795.] m:18
queue size 5
realigned b:[[ 655. -280. -252.]
 [ 564.  738. -779.]
 [-605. -410. -364.]
 [-631.  884. -479.]
 [-553.  611.  736.]
 [ 723. -271. -414.]
 [ 433.  691.  666.]
 [-574. -529.  895.]
 [-571.  780. -610.]
 [ 453.  701.  657.]
 [-596.  757. -500.]
 [-592. -597.  915.]
 [ 574. -694.  800.]
 [  20.   -3.  131.]
 [-701.  669.  703.]
 [ -92.  140.   37.]
 [ 692. -425. -329.]
 [-464. -354. -415.]
 [-519. -348. -485.]
 [ 419.  736. -762.]
 [ 613. -595.  714.]
 [-675.  541.  811.]
 [ 475.  713.  780.]
 [ 653. -613.  725.]
 [ 546.  680. -685.]
 [-730. -523.  859.]] r:(90, 0, 270) d:[ -81. 4790.   86.] m:18
queue size 4
realigned b:[[ 530. -654.  530.]
 [-433. -664. -315.]
 [ 846.  351. -521.]
 [ 580. -794. -492.]
 [-540. -553.  446.]
 [ 743.  342. -458.]
 [ 600. -532.  605.]
 [ 690.  474.  684.]
 [-534.  616. -482.]
 [ 520. -647. -574.]
 [-532. -745. -342.]
 [  -8.  -67.   29.]
 [ 705.  347. -393.]
 [-611.  567. -316.]
 [-608. -571.  426.]
 [-534. -709.  482.]
 [ 658. -680.  638.]
 [ 680.  454.  675.]
 [-465. -682. -376.]
 [-705.  595.  541.]
 [ 129.   21.  119.]
 [-606.  634.  627.]
 [-511.  603. -405.]
 [ 702.  496.  561.]
 [-624.  674.  616.]
 [ 546. -660. -370.]] r:(180, 270, 0) d:[1260. 4769.   75.] m:15
queue size 3
realigned b:[[-426. -658. -759.]
 [ 418.  498. -589.]
 [ 414. -511. -561.]
 [ 493.  518. -526.]
 [-841. -412.  424.]
 [-360. -583. -762.]
 [-783. -503.  315.]
 [-513. -528. -815.]
 [-693.  750.  721.]
 [ 408. -545. -605.]
 [  94.   34.    1.]
 [-839. -481.  410.]
 [ 766.  609.  750.]
 [ 885. -622.  376.]
 [ 839. -625.  470.]
 [-598.  644.  698.]
 [-440.  629. -670.]
 [ 601.  495. -614.]
 [-501.  604. -663.]
 [ 421. -651. -701.]
 [ -80.  147.   29.]
 [ 743.  716.  737.]
 [ 769.  811.  749.]
 [-336.  640. -747.]
 [-585.  874.  672.]
 [ 856. -762.  424.]] r:(90, 0, 90) d:[1188. 2336. 1318.] m:12
queue size 2
realigned b:[[-464.  689. -549.]
 [-489. -885.  516.]
 [-762. -606. -378.]
 [-788. -593. -608.]
 [-582. -818.  478.]
 [ 580. -751. -623.]
 [ 292. -673.  402.]
 [ 657. -855. -612.]
 [-444.  671. -617.]
 [-500.  533. -543.]
 [ 474.  448.  571.]
 [ 324.  497. -541.]
 [ 296. -764.  415.]
 [-548.  588.  521.]
 [-382. -829.  477.]
 [-811. -498. -502.]
 [ 358.  560. -474.]
 [ 272. -664.  488.]
 [-623.  710.  591.]
 [ 573. -690. -648.]
 [-656.  562.  649.]
 [ 297.  578. -442.]
 [ 556.  595.  511.]
 [ -45.  -71.   27.]
 [ 352.  582.  537.]] r:(0, 0, 180) d:[1278. 3527.   66.] m:21
queue size 1
realigned b:[[ 685.  701.  345.]
 [ -78.  -62.  -69.]
 [-837.  617.  544.]
 [ 566. -548.  726.]
 [-870.  569. -780.]
 [ 729.  339. -460.]
 [-776.  550.  603.]
 [-882. -448.  839.]
 [   8.   52.   43.]
 [-465. -730. -705.]
 [-891. -533.  728.]
 [-653.  555.  516.]
 [ 278. -580. -556.]
 [-920.  534. -672.]
 [-843.  647. -662.]
 [-568. -684. -724.]
 [ 311. -537. -607.]
 [ 699.  632.  347.]
 [ 558. -591.  615.]
 [ 794.  610.  403.]
 [-940. -381.  802.]
 [ 327. -588. -458.]
 [ 825.  377. -552.]
 [-517. -624. -630.]
 [ 818.  421. -409.]
 [ 502. -570.  719.]] r:(90, 0, 180) d:[  79. 3522. 2431.] m:12
queue size 0
universe completed
(440, 3)
[[-2052.   878.  4067.]
 [-2048.   833.  3956.]
 [-2027.   777.  3915.]
 ...
 [ 3198. -3019.  1728.]
 [ 3216. -1866.  -725.]
 [ 3255. -1800.  -765.]]
universe dump
[[-2052.   878.  4067.]
 [-2048.   833.  3956.]
 [-2027.   777.  3915.]
 [-2016.   893.  3050.]
 [-2013.   919.  3108.]
 [-2003. -2849. -1846.]
 [-1992.   711.  3133.]
 [-1967.  -595.  4391.]
 [-1961.  -695.  4411.]
 [-1951.  -418.  4418.]
 [-1950. -2696. -1901.]
 [-1947. -2762. -1976.]
 [-1935. -2672.  -678.]
 [-1889. -1915. -1969.]
 [-1858. -2776.  -689.]
 [-1851. -2837.  -714.]
 [-1834. -4122.   445.]
 [-1831.  -516.  2955.]
 [-1817. -4121. -1903.]
 [-1802. -1735.  -823.]
 [-1793. -1928. -1863.]
 [-1781. -5120.   771.]
 [-1779. -4107. -1929.]
 [-1777. -1918.  -820.]
 [-1776.  -489.  2817.]
 [-1752. -3975.   505.]
 [-1749. -1922. -1829.]
 [-1742. -5385.  -609.]
 [-1722. -4150. -2012.]
 [-1718. -5111.   668.]
 [-1714. -1843.  -800.]
 [-1666.  -513.  2859.]
 [-1665. -5372.  -586.]
 [-1653. -5116.   630.]
 [-1636. -4087.  -540.]
 [-1630. -4109.   471.]
 [-1602. -4024.  -607.]
 [-1576. -5336.  -686.]
 [-1575. -4105.  -508.]
 [-1574. -2763.   349.]
 [-1570. -2854.   336.]
 [-1550. -2863.   422.]
 [-1300. -3425. -1147.]
 [-1233. -3456.   -39.]
 [-1231. -4702.   -83.]
 [-1228.   117.  3506.]
 [-1187. -2242. -1284.]
 [-1159. -2416. -1171.]
 [-1141. -4790.    54.]
 [-1126. -3529. -1179.]
 [ -906. -6255.  2691.]
 [ -904. -4074. -2054.]
 [ -899.  -504.  -472.]
 [ -897. -3931. -2010.]
 [ -896. -2698.   411.]
 [ -881. -4302.  1866.]
 [ -880. -3099.  2860.]
 [ -873. -3119. -1821.]
 [ -856.  3083.   584.]
 [ -848. -5246.  4360.]
 [ -836. -4258.  5608.]
 [ -834. -4198.  -683.]
 [ -828. -5271.  4314.]
 [ -828. -5151.  4306.]
 [ -828. -4240.  1932.]
 [ -828.  3174.   431.]
 [ -826. -6279.  2669.]
 [ -825. -4231.  1694.]
 [ -816.  1605.  -749.]
 [ -815. -1555.   361.]
 [ -814. -4216.  -615.]
 [ -812. -1451. -1940.]
 [ -808. -3982. -2092.]
 [ -800. -6309.  2752.]
 [ -796.  -557. -1729.]
 [ -796.   793.  2684.]
 [ -795.  -485. -1567.]
 [ -789. -2642.   450.]
 [ -780.  -258. -3275.]
 [ -778. -4060.  -609.]
 [ -778. -3175. -1799.]
 [ -777. -4380.  5533.]
 [ -776.  2855.  -652.]
 [ -774.  -585. -1577.]
 [ -768. -3100.  2896.]
 [ -764. -3177. -1730.]
 [ -764. -1480. -2080.]
 [ -760.   685.  2779.]
 [ -756.  2988.  -728.]
 [ -751. -4325.  5545.]
 [ -749. -5181.  2858.]
 [ -748. -3009.  2841.]
 [ -748.  2834.  -757.]
 [ -746.   687. -3162.]
 [ -741.   882.  2709.]
 [ -738.   779.  3986.]
 [ -738.  1699.  -862.]
 [ -737. -6565.  5544.]
 [ -736.  1586.  -685.]
 [ -733.  -605.  -502.]
 [ -733.  3118.   575.]
 [ -732.   764. -3139.]
 [ -730. -4115.   455.]
 [ -722.  -272. -3115.]
 [ -719. -5364.  -780.]
 [ -718. -1497. -1943.]
 [ -711.  -285. -3080.]
 [ -706.  -587.  -470.]
 [ -705. -1707.  2018.]
 [ -699. -5265.   627.]
 [ -696. -2709.   412.]
 [ -673. -5227.  2912.]
 [ -658. -1913.  2048.]
 [ -655. -4237.   525.]
 [ -653. -5474.  1957.]
 [ -649.  1997.   662.]
 [ -645. -2796. -2979.]
 [ -644. -5443.  -699.]
 [ -637. -2907. -3022.]
 [ -636. -1640.   374.]
 [ -635.   617. -3185.]
 [ -633. -5403.  -681.]
 [ -627. -5149.  2790.]
 [ -622. -4089.   583.]
 [ -622. -2948.  1909.]
 [ -620. -6504.  5584.]
 [ -620.  -385.   395.]
 [ -619. -5570.  1850.]
 [ -613.   713.  3895.]
 [ -609. -1873.  2733.]
 [ -608.  1990.   589.]
 [ -604.   632.   487.]
 [ -599. -2916.  2048.]
 [ -593.  2066.   760.]
 [ -592.  -380.  4151.]
 [ -591. -5494.  5223.]
 [ -588.  -527.   417.]
 [ -585. -5223.   605.]
 [ -581. -2803. -3001.]
 [ -578.   836. -1761.]
 [ -576. -5243.   615.]
 [ -576.  -239.  4028.]
 [ -576.   497.  -679.]
 [ -571. -5417.  1828.]
 [ -567.   844.  3944.]
 [ -558. -6644.  5505.]
 [ -556.  -496.  1765.]
 [ -553.   698.  -682.]
 [ -550. -2877.  2018.]
 [ -549. -5431.  5251.]
 [ -547. -1545.   377.]
 [ -543. -1788.  2029.]
 [ -542.  -368.  4125.]
 [ -540.  -631.  2938.]
 [ -532.   500.   535.]
 [ -528.  -608.  3121.]
 [ -516. -2921.  -444.]
 [ -516.  -524.  1723.]
 [ -515. -6272.  1811.]
 [ -513.  -424.   443.]
 [ -509.  -678.  1722.]
 [ -506. -3887.  2940.]
 [ -505. -6472.  1840.]
 [ -504.   567.  -779.]
 [ -495. -1793.  2765.]
 [ -493.   674.  1991.]
 [ -490. -2934.  -674.]
 [ -488. -1846.  4066.]
 [ -484. -6513.  4373.]
 [ -480.   597.  2007.]
 [ -469. -1802.  3969.]
 [ -468.  -663.  3002.]
 [ -467. -3029.  -568.]
 [ -466. -5459.  5325.]
 [ -460.   720.  1932.]
 [ -458. -2000.  4004.]
 [ -452. -6473.  4419.]
 [ -451. -1593.  -602.]
 [ -447.   604.   430.]
 [ -445. -4159.  4115.]
 [ -439. -1567.  -507.]
 [ -438. -6760.   506.]
 [ -438. -1570.  -709.]
 [ -430. -1902.  2773.]
 [ -428. -4266.  4094.]
 [ -425. -6348.  1809.]
 [ -422. -4185.  4263.]
 [ -407. -6684.   402.]
 [ -406. -3980. -3019.]
 [ -398.   802. -1742.]
 [ -398.   883. -1759.]
 [ -394. -3925.  2859.]
 [ -390. -4129. -2968.]
 [ -383. -6760.   428.]
 [ -382. -6466.  4458.]
 [ -364. -3890.  2868.]
 [ -357. -4078. -3011.]
 [ -110.   -12.  2448.]
 [ -107. -3544.  2327.]
 [ -107.    10.  3487.]
 [ -102. -5827.  1221.]
 [ -101. -5900.  2390.]
 [  -96. -4760.  4853.]
 [  -96. -2318.  2449.]
 [  -91.  1184.   -11.]
 [  -87. -3479. -2379.]
 [  -78. -4656.  2407.]
 [  -75. -5827.  3489.]
 [  -73. -5960.  1070.]
 [  -73.   161. -1266.]
 [  -72. -1137.  2274.]
 [  -71.   110.  2274.]
 [  -57. -2372.  1081.]
 [  -55. -4733.  3515.]
 [  -52.   165. -2475.]
 [  -51. -3425.    19.]
 [  -50. -4810.   -89.]
 [  -39.  2569.    52.]
 [  -37.  1368.    55.]
 [  -23.     5.   -41.]
 [  -19.   137.  1110.]
 [  -17. -1057.  3471.]
 [   -1. -3591. -2493.]
 [    4. -1152.  1140.]
 [   11. -3513. -1150.]
 [   14. -2240.  2336.]
 [   17.  2389.   -91.]
 [   19. -3616.   -83.]
 [   21. -4726.  2271.]
 [   25. -3574.  1164.]
 [   27. -3425.  2431.]
 [   31. -5932.  4851.]
 [   34. -1212.  2410.]
 [   44. -4698.    54.]
 [   47.    28. -2340.]
 [   59. -6008.  1237.]
 [   63. -1222.  3614.]
 [   63.   137.  2426.]
 [   66.   108.  3592.]
 [   67. -6012.  2368.]
 [   67. -4648.  4772.]
 [   69. -5911.  3601.]
 [   72.   -12. -1275.]
 [   80. -2305.  1216.]
 [   82.    12.  1240.]
 [  296. -5365.  5588.]
 [  306. -4211.  1766.]
 [  310. -6719.  4189.]
 [  311. -3051.  2987.]
 [  316. -2859.  2952.]
 [  317. -5357.  5455.]
 [  317.   495. -1909.]
 [  320.  2870.  -602.]
 [  333. -5445.  -366.]
 [  335. -4003.  1740.]
 [  346. -4197.  1654.]
 [  380.   628.  2917.]
 [  383.  2984.  -721.]
 [  386. -4227. -3161.]
 [  410. -5482.  -511.]
 [  413. -5567.  3134.]
 [  423.  -457.   540.]
 [  424. -3017.  2962.]
 [  425. -6535.  5207.]
 [  425.   799.   269.]
 [  431.  1997.  -866.]
 [  433. -5421.  5529.]
 [  434. -5381.  3097.]
 [  438. -4152. -3055.]
 [  441.  -550.   563.]
 [  445. -4185.  -496.]
 [  449. -3164.  1925.]
 [  454.  3009.   639.]
 [  459. -6385.  1882.]
 [  460.   509. -1812.]
 [  470. -5506.  2967.]
 [  475.  2984.  -630.]
 [  479.   951.  4412.]
 [  482. -4168.  4080.]
 [  483. -6647.  4208.]
 [  489. -4246. -3115.]
 [  490. -3118.  1753.]
 [  494.  -485.   555.]
 [  495. -5513.  -357.]
 [  496. -4326.  -440.]
 [  499. -6482.  5345.]
 [  499.  1937.   706.]
 [  500.   505. -1898.]
 [  500.  2060.  -848.]
 [  507. -2819.  -482.]
 [  510. -4051.  4214.]
 [  510.  3054.   528.]
 [  518.   739.   342.]
 [  530. -1642.  1756.]
 [  536. -6502.  1814.]
 [  536. -6358.  1827.]
 [  549. -6749.  4194.]
 [  549.   920.   284.]
 [  549.   925.  4379.]
 [  549.  1816.   744.]
 [  552. -4131.  4040.]
 [  553.   660.  2859.]
 [  559. -2811.  -592.]
 [  560. -4159.   798.]
 [  562.  2915.   570.]
 [  566. -4271.  -434.]
 [  569.  -704. -1971.]
 [  570.  1960.  -772.]
 [  571. -5319.  1740.]
 [  572.  -520.  4224.]
 [  572.  1792.   656.]
 [  574. -5262.  1637.]
 [  574. -3006. -1876.]
 [  574.   610. -3203.]
 [  579. -1796.  1703.]
 [  581. -4194.   671.]
 [  581. -1679.  2868.]
 [  581.  -573. -1871.]
 [  582.   870.  4392.]
 [  583. -6571.   494.]
 [  595. -4135.  3043.]
 [  598. -6486.  5162.]
 [  599. -1705.  2895.]
 [  602. -6551.   372.]
 [  612.  -472.  4429.]
 [  621. -1694.  4097.]
 [  624. -1631.  1707.]
 [  625. -1866.   788.]
 [  635. -3135.  1841.]
 [  638. -1787.   693.]
 [  653. -1771.  2859.]
 [  653.   629.  2908.]
 [  669.  -770. -1883.]
 [  674. -6663.  2897.]
 [  677.   475. -3187.]
 [  679. -3848.  5286.]
 [  679. -2748.  -477.]
 [  686. -1776.  4191.]
 [  686.  -506.  4348.]
 [  686.   627. -3276.]
 [  687. -4196.  3182.]
 [  691. -4219.   694.]
 [  693. -6453.  2946.]
 [  693.  -715.  2888.]
 [  695. -5354.  1721.]
 [  696. -6599.  2814.]
 [  697. -2919. -1881.]
 [  697.  -653.  2898.]
 [  698. -1762.   799.]
 [  699. -3844.  5473.]
 [  701.   847.  -777.]
 [  712. -4118.  3165.]
 [  743.  -810. -2871.]
 [  749.  -567.  -783.]
 [  752. -3009.   644.]
 [  756. -6543.   412.]
 [  758. -2978. -1814.]
 [  758.  -775. -2918.]
 [  761. -3925.  5340.]
 [  764. -4184. -1784.]
 [  766. -5336.   594.]
 [  766.  -468.  -698.]
 [  780.  -543.  -568.]
 [  783. -5320.  4450.]
 [  788. -1784.  4097.]
 [  790.  -645.  2912.]
 [  791. -4302. -1862.]
 [  802.  -777.  1787.]
 [  803. -2683. -2879.]
 [  805. -5358.  4411.]
 [  807. -3090.   737.]
 [  812. -2794. -2964.]
 [  818.  -730.  1954.]
 [  823. -5356.  4282.]
 [  823.   867.  -765.]
 [  827.   735.  -783.]
 [  841. -4194. -1897.]
 [  843. -5209.   650.]
 [  843.  -735.  1685.]
 [  859.  -736. -2803.]
 [  860. -5354.   652.]
 [  860.   570.  1885.]
 [  861. -2720. -2812.]
 [  868.   492.  1868.]
 [  870.   695.  1819.]
 [  882. -3095.   696.]
 [ 1101. -3439.  -103.]
 [ 1120. -3486.  1215.]
 [ 1225. -3561.  1091.]
 [ 1247. -2289.  1074.]
 [ 1250. -3579.  -128.]
 [ 1486. -3892.   592.]
 [ 1488. -3999.   562.]
 [ 1578. -1623.  1973.]
 [ 1593. -1636.  -546.]
 [ 1600. -1448.  -617.]
 [ 1610. -1629.  1990.]
 [ 1672. -3949.   583.]
 [ 1676. -1550.  -667.]
 [ 1730. -4233.  -525.]
 [ 1765. -4253.  -576.]
 [ 1834. -1602.  1992.]
 [ 1880. -2816.  -887.]
 [ 1887. -3117.  1844.]
 [ 1896. -2736.  -840.]
 [ 1910. -2718.   566.]
 [ 1914. -4306.  -522.]
 [ 1925. -2661.   530.]
 [ 1936. -3041.  1796.]
 [ 1947. -2927.  -883.]
 [ 1957. -2674.   564.]
 [ 1959. -4170.  1681.]
 [ 1972. -3132.  1789.]
 [ 2015. -4065.  1657.]
 [ 2025. -1882.   320.]
 [ 2040. -4127.  1637.]
 [ 2062. -1839.   482.]
 [ 2066. -1935.   392.]
 [ 2296. -2279.   -23.]
 [ 2359. -2412.  1075.]
 [ 2454. -2378.  -120.]
 [ 2478. -2271.  1242.]
 [ 2875. -2817.  -443.]
 [ 2920. -1598.   276.]
 [ 2935. -1737.   296.]
 [ 2937. -2843.  -398.]
 [ 3031. -2837.  -404.]
 [ 3063. -1609.  1716.]
 [ 3069. -3105.   652.]
 [ 3077. -2986.  1598.]
 [ 3079. -2908.  1728.]
 [ 3094. -1827.  1731.]
 [ 3096. -1626.   306.]
 [ 3103. -1704.  1657.]
 [ 3152. -3039.   507.]
 [ 3165. -1875.  -803.]
 [ 3183. -3038.   670.]
 [ 3198. -3019.  1728.]
 [ 3216. -1866.  -725.]
 [ 3255. -1800.  -765.]]
universe size
13382.0
